This file contains any messages produced by compilers while
running configure, to aid debugging if configure makes a mistake.

It was created by FULL-PACKAGE-NAME configure VERSION, which was
generated by GNU Autoconf 2.59.  Invocation command line was

  $ ./configure --no-create --no-recursion

## --------- ##
## Platform. ##
## --------- ##

hostname = src.oray.net
uname -m = i686
uname -r = 2.6.18-128.el5
uname -s = Linux
uname -v = #1 SMP Wed Jan 21 10:44:23 EST 2009

/usr/bin/uname -p = unknown
/bin/uname -X     = unknown

/bin/arch              = i686
/usr/bin/arch -k       = unknown
/usr/convex/getsysinfo = unknown
hostinfo               = unknown
/bin/machine           = unknown
/usr/bin/oslevel       = unknown
/bin/universe          = unknown

PATH: /usr/kerberos/bin
PATH: /usr/local/bin
PATH: /bin
PATH: /usr/bin
PATH: /opt/openwrt/bin
PATH: /home/skyvense/bin


## ----------- ##
## Core tests. ##
## ----------- ##

configure:1363: checking for a BSD-compatible install
configure:1418: result: /usr/bin/install -c
configure:1429: checking whether build environment is sane
configure:1472: result: yes
configure:1496: WARNING: `missing' script is too old or missing
configure:1537: checking for gawk
configure:1553: found /bin/gawk
configure:1563: result: gawk
configure:1573: checking whether make sets $(MAKE)
configure:1593: result: yes
configure:1815: checking for g++
configure:1831: found /usr/bin/g++
configure:1841: result: g++
configure:1857: checking for C++ compiler version
configure:1860: g++ --version </dev/null >&5
g++ (GCC) 4.1.2 20080704 (Red Hat 4.1.2-48)
Copyright (C) 2006 Free Software Foundation, Inc.
This is free software; see the source for copying conditions.  There is NO
warranty; not even for MERCHANTABILITY or FITNESS FOR A PARTICULAR PURPOSE.

configure:1863: $? = 0
configure:1865: g++ -v </dev/null >&5
Using built-in specs.
Target: i386-redhat-linux
Configured with: ../configure --prefix=/usr --mandir=/usr/share/man --infodir=/usr/share/info --enable-shared --enable-threads=posix --enable-checking=release --with-system-zlib --enable-__cxa_atexit --disable-libunwind-exceptions --enable-libgcj-multifile --enable-languages=c,c++,objc,obj-c++,java,fortran,ada --enable-java-awt=gtk --disable-dssi --enable-plugin --with-java-home=/usr/lib/jvm/java-1.4.2-gcj-1.4.2.0/jre --with-cpu=generic --host=i386-redhat-linux
Thread model: posix
gcc version 4.1.2 20080704 (Red Hat 4.1.2-48)
configure:1868: $? = 0
configure:1870: g++ -V </dev/null >&5
g++: '-V' option must have argument
configure:1873: $? = 1
configure:1896: checking for C++ compiler default output file name
configure:1899: g++    conftest.cc  >&5
configure:1902: $? = 0
configure:1948: result: a.out
configure:1953: checking whether the C++ compiler works
configure:1959: ./a.out
configure:1962: $? = 0
configure:1979: result: yes
configure:1986: checking whether we are cross compiling
configure:1988: result: no
configure:1991: checking for suffix of executables
configure:1993: g++ -o conftest    conftest.cc  >&5
configure:1996: $? = 0
configure:2021: result: 
configure:2027: checking for suffix of object files
configure:2048: g++ -c   conftest.cc >&5
configure:2051: $? = 0
configure:2073: result: o
configure:2077: checking whether we are using the GNU C++ compiler
configure:2101: g++ -c   conftest.cc >&5
configure:2107: $? = 0
configure:2111: test -z 
			 || test ! -s conftest.err
configure:2114: $? = 0
configure:2117: test -s conftest.o
configure:2120: $? = 0
configure:2133: result: yes
configure:2139: checking whether g++ accepts -g
configure:2160: g++ -c -g  conftest.cc >&5
configure:2166: $? = 0
configure:2170: test -z 
			 || test ! -s conftest.err
configure:2173: $? = 0
configure:2176: test -s conftest.o
configure:2179: $? = 0
configure:2190: result: yes
configure:2232: g++ -c -g -O2  conftest.cc >&5
configure:2238: $? = 0
configure:2242: test -z 
			 || test ! -s conftest.err
configure:2245: $? = 0
configure:2248: test -s conftest.o
configure:2251: $? = 0
configure:2277: g++ -c -g -O2  conftest.cc >&5
conftest.cc: In function 'int main()':
conftest.cc:15: error: 'exit' was not declared in this scope
configure:2283: $? = 1
configure: failed program was:
| /* confdefs.h.  */
| 
| #define PACKAGE_NAME "FULL-PACKAGE-NAME"
| #define PACKAGE_TARNAME "full-package-name"
| #define PACKAGE_VERSION "VERSION"
| #define PACKAGE_STRING "FULL-PACKAGE-NAME VERSION"
| #define PACKAGE_BUGREPORT "BUG-REPORT-ADDRESS"
| #define PACKAGE "phddns"
| #define VERSION "2.0.4.17314"
| /* end confdefs.h.  */
| 
| int
| main ()
| {
| exit (42);
|   ;
|   return 0;
| }
configure:2232: g++ -c -g -O2  conftest.cc >&5
configure:2238: $? = 0
configure:2242: test -z 
			 || test ! -s conftest.err
configure:2245: $? = 0
configure:2248: test -s conftest.o
configure:2251: $? = 0
configure:2277: g++ -c -g -O2  conftest.cc >&5
configure:2283: $? = 0
configure:2287: test -z 
			 || test ! -s conftest.err
configure:2290: $? = 0
configure:2293: test -s conftest.o
configure:2296: $? = 0
configure:2330: checking for style of include used by make
configure:2358: result: GNU
configure:2386: checking dependency style of g++
configure:2476: result: gcc3
configure:2539: checking for gcc
configure:2555: found /usr/bin/gcc
configure:2565: result: gcc
configure:2809: checking for C compiler version
configure:2812: gcc --version </dev/null >&5
gcc (GCC) 4.1.2 20080704 (Red Hat 4.1.2-48)
Copyright (C) 2006 Free Software Foundation, Inc.
This is free software; see the source for copying conditions.  There is NO
warranty; not even for MERCHANTABILITY or FITNESS FOR A PARTICULAR PURPOSE.

configure:2815: $? = 0
configure:2817: gcc -v </dev/null >&5
Using built-in specs.
Target: i386-redhat-linux
Configured with: ../configure --prefix=/usr --mandir=/usr/share/man --infodir=/usr/share/info --enable-shared --enable-threads=posix --enable-checking=release --with-system-zlib --enable-__cxa_atexit --disable-libunwind-exceptions --enable-libgcj-multifile --enable-languages=c,c++,objc,obj-c++,java,fortran,ada --enable-java-awt=gtk --disable-dssi --enable-plugin --with-java-home=/usr/lib/jvm/java-1.4.2-gcj-1.4.2.0/jre --with-cpu=generic --host=i386-redhat-linux
Thread model: posix
gcc version 4.1.2 20080704 (Red Hat 4.1.2-48)
configure:2820: $? = 0
configure:2822: gcc -V </dev/null >&5
gcc: '-V' option must have argument
configure:2825: $? = 1
configure:2828: checking whether we are using the GNU C compiler
configure:2852: gcc -c   conftest.c >&5
configure:2858: $? = 0
configure:2862: test -z 
			 || test ! -s conftest.err
configure:2865: $? = 0
configure:2868: test -s conftest.o
configure:2871: $? = 0
configure:2884: result: yes
configure:2890: checking whether gcc accepts -g
configure:2911: gcc -c -g  conftest.c >&5
configure:2917: $? = 0
configure:2921: test -z 
			 || test ! -s conftest.err
configure:2924: $? = 0
configure:2927: test -s conftest.o
configure:2930: $? = 0
configure:2941: result: yes
configure:2958: checking for gcc option to accept ANSI C
configure:3028: gcc  -c -g -O2  conftest.c >&5
configure:3034: $? = 0
configure:3038: test -z 
			 || test ! -s conftest.err
configure:3041: $? = 0
configure:3044: test -s conftest.o
configure:3047: $? = 0
configure:3065: result: none needed
configure:3083: gcc -c -g -O2  conftest.c >&5
conftest.c:2: error: expected '=', ',', ';', 'asm' or '__attribute__' before 'me'
configure:3089: $? = 1
configure: failed program was:
| #ifndef __cplusplus
|   choke me
| #endif
configure:3224: checking dependency style of gcc
configure:3314: result: gcc3
configure:3341: checking how to run the C preprocessor
configure:3376: gcc -E  conftest.c
configure:3382: $? = 0
configure:3414: gcc -E  conftest.c
conftest.c:14:28: error: ac_nonexistent.h: No such file or directory
configure:3420: $? = 1
configure: failed program was:
| /* confdefs.h.  */
| 
| #define PACKAGE_NAME "FULL-PACKAGE-NAME"
| #define PACKAGE_TARNAME "full-package-name"
| #define PACKAGE_VERSION "VERSION"
| #define PACKAGE_STRING "FULL-PACKAGE-NAME VERSION"
| #define PACKAGE_BUGREPORT "BUG-REPORT-ADDRESS"
| #define PACKAGE "phddns"
| #define VERSION "2.0.4.17314"
| #ifdef __cplusplus
| extern "C" void std::exit (int) throw (); using std::exit;
| #endif
| /* end confdefs.h.  */
| #include <ac_nonexistent.h>
configure:3459: result: gcc -E
configure:3483: gcc -E  conftest.c
configure:3489: $? = 0
configure:3521: gcc -E  conftest.c
conftest.c:14:28: error: ac_nonexistent.h: No such file or directory
configure:3527: $? = 1
configure: failed program was:
| /* confdefs.h.  */
| 
| #define PACKAGE_NAME "FULL-PACKAGE-NAME"
| #define PACKAGE_TARNAME "full-package-name"
| #define PACKAGE_VERSION "VERSION"
| #define PACKAGE_STRING "FULL-PACKAGE-NAME VERSION"
| #define PACKAGE_BUGREPORT "BUG-REPORT-ADDRESS"
| #define PACKAGE "phddns"
| #define VERSION "2.0.4.17314"
| #ifdef __cplusplus
| extern "C" void std::exit (int) throw (); using std::exit;
| #endif
| /* end confdefs.h.  */
| #include <ac_nonexistent.h>
configure:3571: checking for egrep
configure:3581: result: grep -E
configure:3586: checking for ANSI C header files
configure:3611: gcc -c -g -O2  conftest.c >&5
configure:3617: $? = 0
configure:3621: test -z 
			 || test ! -s conftest.err
configure:3624: $? = 0
configure:3627: test -s conftest.o
configure:3630: $? = 0
configure:3719: gcc -o conftest -g -O2   conftest.c  >&5
conftest.c: In function 'main':
conftest.c:31: warning: incompatible implicit declaration of built-in function 'exit'
configure:3722: $? = 0
configure:3724: ./conftest
configure:3727: $? = 0
configure:3742: result: yes
configure:3766: checking for sys/types.h
configure:3782: gcc -c -g -O2  conftest.c >&5
configure:3788: $? = 0
configure:3792: test -z 
			 || test ! -s conftest.err
configure:3795: $? = 0
configure:3798: test -s conftest.o
configure:3801: $? = 0
configure:3812: result: yes
configure:3766: checking for sys/stat.h
configure:3782: gcc -c -g -O2  conftest.c >&5
configure:3788: $? = 0
configure:3792: test -z 
			 || test ! -s conftest.err
configure:3795: $? = 0
configure:3798: test -s conftest.o
configure:3801: $? = 0
configure:3812: result: yes
configure:3766: checking for stdlib.h
configure:3782: gcc -c -g -O2  conftest.c >&5
configure:3788: $? = 0
configure:3792: test -z 
			 || test ! -s conftest.err
configure:3795: $? = 0
configure:3798: test -s conftest.o
configure:3801: $? = 0
configure:3812: result: yes
configure:3766: checking for string.h
configure:3782: gcc -c -g -O2  conftest.c >&5
configure:3788: $? = 0
configure:3792: test -z 
			 || test ! -s conftest.err
configure:3795: $? = 0
configure:3798: test -s conftest.o
configure:3801: $? = 0
configure:3812: result: yes
configure:3766: checking for memory.h
configure:3782: gcc -c -g -O2  conftest.c >&5
configure:3788: $? = 0
configure:3792: test -z 
			 || test ! -s conftest.err
configure:3795: $? = 0
configure:3798: test -s conftest.o
configure:3801: $? = 0
configure:3812: result: yes
configure:3766: checking for strings.h
configure:3782: gcc -c -g -O2  conftest.c >&5
configure:3788: $? = 0
configure:3792: test -z 
			 || test ! -s conftest.err
configure:3795: $? = 0
configure:3798: test -s conftest.o
configure:3801: $? = 0
configure:3812: result: yes
configure:3766: checking for inttypes.h
configure:3782: gcc -c -g -O2  conftest.c >&5
configure:3788: $? = 0
configure:3792: test -z 
			 || test ! -s conftest.err
configure:3795: $? = 0
configure:3798: test -s conftest.o
configure:3801: $? = 0
configure:3812: result: yes
configure:3766: checking for stdint.h
configure:3782: gcc -c -g -O2  conftest.c >&5
configure:3788: $? = 0
configure:3792: test -z 
			 || test ! -s conftest.err
configure:3795: $? = 0
configure:3798: test -s conftest.o
configure:3801: $? = 0
configure:3812: result: yes
configure:3766: checking for unistd.h
configure:3782: gcc -c -g -O2  conftest.c >&5
configure:3788: $? = 0
configure:3792: test -z 
			 || test ! -s conftest.err
configure:3795: $? = 0
configure:3798: test -s conftest.o
configure:3801: $? = 0
configure:3812: result: yes
configure:3851: checking arpa/inet.h usability
configure:3863: gcc -c -g -O2  conftest.c >&5
configure:3869: $? = 0
configure:3873: test -z 
			 || test ! -s conftest.err
configure:3876: $? = 0
configure:3879: test -s conftest.o
configure:3882: $? = 0
configure:3892: result: yes
configure:3896: checking arpa/inet.h presence
configure:3906: gcc -E  conftest.c
configure:3912: $? = 0
configure:3932: result: yes
configure:3967: checking for arpa/inet.h
configure:3974: result: yes
configure:3851: checking fcntl.h usability
configure:3863: gcc -c -g -O2  conftest.c >&5
configure:3869: $? = 0
configure:3873: test -z 
			 || test ! -s conftest.err
configure:3876: $? = 0
configure:3879: test -s conftest.o
configure:3882: $? = 0
configure:3892: result: yes
configure:3896: checking fcntl.h presence
configure:3906: gcc -E  conftest.c
configure:3912: $? = 0
configure:3932: result: yes
configure:3967: checking for fcntl.h
configure:3974: result: yes
configure:3842: checking for memory.h
configure:3847: result: yes
configure:3851: checking netdb.h usability
configure:3863: gcc -c -g -O2  conftest.c >&5
configure:3869: $? = 0
configure:3873: test -z 
			 || test ! -s conftest.err
configure:3876: $? = 0
configure:3879: test -s conftest.o
configure:3882: $? = 0
configure:3892: result: yes
configure:3896: checking netdb.h presence
configure:3906: gcc -E  conftest.c
configure:3912: $? = 0
configure:3932: result: yes
configure:3967: checking for netdb.h
configure:3974: result: yes
configure:3851: checking netinet/in.h usability
configure:3863: gcc -c -g -O2  conftest.c >&5
configure:3869: $? = 0
configure:3873: test -z 
			 || test ! -s conftest.err
configure:3876: $? = 0
configure:3879: test -s conftest.o
configure:3882: $? = 0
configure:3892: result: yes
configure:3896: checking netinet/in.h presence
configure:3906: gcc -E  conftest.c
configure:3912: $? = 0
configure:3932: result: yes
configure:3967: checking for netinet/in.h
configure:3974: result: yes
configure:3851: checking stddef.h usability
configure:3863: gcc -c -g -O2  conftest.c >&5
configure:3869: $? = 0
configure:3873: test -z 
			 || test ! -s conftest.err
configure:3876: $? = 0
configure:3879: test -s conftest.o
configure:3882: $? = 0
configure:3892: result: yes
configure:3896: checking stddef.h presence
configure:3906: gcc -E  conftest.c
configure:3912: $? = 0
configure:3932: result: yes
configure:3967: checking for stddef.h
configure:3974: result: yes
configure:3842: checking for stdlib.h
configure:3847: result: yes
configure:3842: checking for string.h
configure:3847: result: yes
configure:3851: checking sys/ioctl.h usability
configure:3863: gcc -c -g -O2  conftest.c >&5
configure:3869: $? = 0
configure:3873: test -z 
			 || test ! -s conftest.err
configure:3876: $? = 0
configure:3879: test -s conftest.o
configure:3882: $? = 0
configure:3892: result: yes
configure:3896: checking sys/ioctl.h presence
configure:3906: gcc -E  conftest.c
configure:3912: $? = 0
configure:3932: result: yes
configure:3967: checking for sys/ioctl.h
configure:3974: result: yes
configure:3851: checking sys/socket.h usability
configure:3863: gcc -c -g -O2  conftest.c >&5
configure:3869: $? = 0
configure:3873: test -z 
			 || test ! -s conftest.err
configure:3876: $? = 0
configure:3879: test -s conftest.o
configure:3882: $? = 0
configure:3892: result: yes
configure:3896: checking sys/socket.h presence
configure:3906: gcc -E  conftest.c
configure:3912: $? = 0
configure:3932: result: yes
configure:3967: checking for sys/socket.h
configure:3974: result: yes
configure:3851: checking sys/time.h usability
configure:3863: gcc -c -g -O2  conftest.c >&5
configure:3869: $? = 0
configure:3873: test -z 
			 || test ! -s conftest.err
configure:3876: $? = 0
configure:3879: test -s conftest.o
configure:3882: $? = 0
configure:3892: result: yes
configure:3896: checking sys/time.h presence
configure:3906: gcc -E  conftest.c
configure:3912: $? = 0
configure:3932: result: yes
configure:3967: checking for sys/time.h
configure:3974: result: yes
configure:3851: checking sys/timeb.h usability
configure:3863: gcc -c -g -O2  conftest.c >&5
configure:3869: $? = 0
configure:3873: test -z 
			 || test ! -s conftest.err
configure:3876: $? = 0
configure:3879: test -s conftest.o
configure:3882: $? = 0
configure:3892: result: yes
configure:3896: checking sys/timeb.h presence
configure:3906: gcc -E  conftest.c
configure:3912: $? = 0
configure:3932: result: yes
configure:3967: checking for sys/timeb.h
configure:3974: result: yes
configure:3851: checking termios.h usability
configure:3863: gcc -c -g -O2  conftest.c >&5
configure:3869: $? = 0
configure:3873: test -z 
			 || test ! -s conftest.err
configure:3876: $? = 0
configure:3879: test -s conftest.o
configure:3882: $? = 0
configure:3892: result: yes
configure:3896: checking termios.h presence
configure:3906: gcc -E  conftest.c
configure:3912: $? = 0
configure:3932: result: yes
configure:3967: checking for termios.h
configure:3974: result: yes
configure:3842: checking for unistd.h
configure:3847: result: yes
configure:3989: checking for stdbool.h that conforms to C99
configure:4042: gcc -c -g -O2  conftest.c >&5
configure:4048: $? = 0
configure:4052: test -z 
			 || test ! -s conftest.err
configure:4055: $? = 0
configure:4058: test -s conftest.o
configure:4061: $? = 0
configure:4072: result: yes
configure:4074: checking for _Bool
configure:4098: gcc -c -g -O2  conftest.c >&5
configure:4104: $? = 0
configure:4108: test -z 
			 || test ! -s conftest.err
configure:4111: $? = 0
configure:4114: test -s conftest.o
configure:4117: $? = 0
configure:4128: result: yes
configure:4147: checking for an ANSI C-conforming const
configure:4214: gcc -c -g -O2  conftest.c >&5
configure:4220: $? = 0
configure:4224: test -z 
			 || test ! -s conftest.err
configure:4227: $? = 0
configure:4230: test -s conftest.o
configure:4233: $? = 0
configure:4244: result: yes
configure:4254: checking for inline
configure:4275: gcc -c -g -O2  conftest.c >&5
configure:4281: $? = 0
configure:4285: test -z 
			 || test ! -s conftest.err
configure:4288: $? = 0
configure:4291: test -s conftest.o
configure:4294: $? = 0
configure:4306: result: inline
configure:4325: checking for size_t
configure:4349: gcc -c -g -O2  conftest.c >&5
configure:4355: $? = 0
configure:4359: test -z 
			 || test ! -s conftest.err
configure:4362: $? = 0
configure:4365: test -s conftest.o
configure:4368: $? = 0
configure:4379: result: yes
configure:4391: checking whether time.h and sys/time.h may both be included
configure:4416: gcc -c -g -O2  conftest.c >&5
configure:4422: $? = 0
configure:4426: test -z 
			 || test ! -s conftest.err
configure:4429: $? = 0
configure:4432: test -s conftest.o
configure:4435: $? = 0
configure:4446: result: yes
configure:4456: checking whether struct tm is in sys/time.h or time.h
configure:4479: gcc -c -g -O2  conftest.c >&5
configure:4485: $? = 0
configure:4489: test -z 
			 || test ! -s conftest.err
configure:4492: $? = 0
configure:4495: test -s conftest.o
configure:4498: $? = 0
configure:4509: result: time.h
configure:4536: checking sys/select.h usability
configure:4548: gcc -c -g -O2  conftest.c >&5
configure:4554: $? = 0
configure:4558: test -z 
			 || test ! -s conftest.err
configure:4561: $? = 0
configure:4564: test -s conftest.o
configure:4567: $? = 0
configure:4577: result: yes
configure:4581: checking sys/select.h presence
configure:4591: gcc -E  conftest.c
configure:4597: $? = 0
configure:4617: result: yes
configure:4652: checking for sys/select.h
configure:4659: result: yes
configure:4527: checking for sys/socket.h
configure:4532: result: yes
configure:4672: checking types of arguments for select
configure:4705: gcc -c -g -O2  conftest.c >&5
configure:4711: $? = 0
configure:4715: test -z 
			 || test ! -s conftest.err
configure:4718: $? = 0
configure:4721: test -s conftest.o
configure:4724: $? = 0
configure:4740: result: int,fd_set *,struct timeval *
configure:4763: checking return type of signal handlers
configure:4794: gcc -c -g -O2  conftest.c >&5
configure:4800: $? = 0
configure:4804: test -z 
			 || test ! -s conftest.err
configure:4807: $? = 0
configure:4810: test -s conftest.o
configure:4813: $? = 0
configure:4824: result: void
configure:4836: checking for strftime
configure:4893: gcc -o conftest -g -O2   conftest.c  >&5
conftest.c:71: warning: conflicting types for built-in function 'strftime'
configure:4899: $? = 0
configure:4903: test -z 
			 || test ! -s conftest.err
configure:4906: $? = 0
configure:4909: test -s conftest
configure:4912: $? = 0
configure:4924: result: yes
configure:5012: checking for vprintf
configure:5069: gcc -o conftest -g -O2   conftest.c  >&5
conftest.c:72: warning: conflicting types for built-in function 'vprintf'
configure:5075: $? = 0
configure:5079: test -z 
			 || test ! -s conftest.err
configure:5082: $? = 0
configure:5085: test -s conftest
configure:5088: $? = 0
configure:5100: result: yes
configure:5107: checking for _doprnt
configure:5164: gcc -o conftest -g -O2   conftest.c  >&5
/tmp/ccqdVY9W.o: In function `main':
/home/skyvense/Embed/featured/conftest.c:88: undefined reference to `_doprnt'
/tmp/ccqdVY9W.o:(.data+0x0): undefined reference to `_doprnt'
collect2: ld returned 1 exit status
configure:5170: $? = 1
configure: failed program was:
| /* confdefs.h.  */
| 
| #define PACKAGE_NAME "FULL-PACKAGE-NAME"
| #define PACKAGE_TARNAME "full-package-name"
| #define PACKAGE_VERSION "VERSION"
| #define PACKAGE_STRING "FULL-PACKAGE-NAME VERSION"
| #define PACKAGE_BUGREPORT "BUG-REPORT-ADDRESS"
| #define PACKAGE "phddns"
| #define VERSION "2.0.4.17314"
| #ifdef __cplusplus
| extern "C" void std::exit (int) throw (); using std::exit;
| #endif
| #define STDC_HEADERS 1
| #define HAVE_SYS_TYPES_H 1
| #define HAVE_SYS_STAT_H 1
| #define HAVE_STDLIB_H 1
| #define HAVE_STRING_H 1
| #define HAVE_MEMORY_H 1
| #define HAVE_STRINGS_H 1
| #define HAVE_INTTYPES_H 1
| #define HAVE_STDINT_H 1
| #define HAVE_UNISTD_H 1
| #define HAVE_ARPA_INET_H 1
| #define HAVE_FCNTL_H 1
| #define HAVE_MEMORY_H 1
| #define HAVE_NETDB_H 1
| #define HAVE_NETINET_IN_H 1
| #define HAVE_STDDEF_H 1
| #define HAVE_STDLIB_H 1
| #define HAVE_STRING_H 1
| #define HAVE_SYS_IOCTL_H 1
| #define HAVE_SYS_SOCKET_H 1
| #define HAVE_SYS_TIME_H 1
| #define HAVE_SYS_TIMEB_H 1
| #define HAVE_TERMIOS_H 1
| #define HAVE_UNISTD_H 1
| #define HAVE__BOOL 1
| #define HAVE_STDBOOL_H 1
| #define TIME_WITH_SYS_TIME 1
| #define HAVE_SYS_SELECT_H 1
| #define HAVE_SYS_SOCKET_H 1
| #define SELECT_TYPE_ARG1 int
| #define SELECT_TYPE_ARG234 (fd_set *)
| #define SELECT_TYPE_ARG5 (struct timeval *)
| #define RETSIGTYPE void
| #define HAVE_STRFTIME 1
| #define HAVE_VPRINTF 1
| /* end confdefs.h.  */
| /* Define _doprnt to an innocuous variant, in case <limits.h> declares _doprnt.
|    For example, HP-UX 11i <limits.h> declares gettimeofday.  */
| #define _doprnt innocuous__doprnt
| 
| /* System header to define __stub macros and hopefully few prototypes,
|     which can conflict with char _doprnt (); below.
|     Prefer <limits.h> to <assert.h> if __STDC__ is defined, since
|     <limits.h> exists even on freestanding compilers.  */
| 
| #ifdef __STDC__
| # include <limits.h>
| #else
| # include <assert.h>
| #endif
| 
| #undef _doprnt
| 
| /* Override any gcc2 internal prototype to avoid an error.  */
| #ifdef __cplusplus
| extern "C"
| {
| #endif
| /* We use char because int might match the return type of a gcc2
|    builtin and then its argument prototype would still apply.  */
| char _doprnt ();
| /* The GNU C library defines this for functions which it implements
|     to always fail with ENOSYS.  Some functions are actually named
|     something starting with __ and the normal name is an alias.  */
| #if defined (__stub__doprnt) || defined (__stub____doprnt)
| choke me
| #else
| char (*f) () = _doprnt;
| #endif
| #ifdef __cplusplus
| }
| #endif
| 
| int
| main ()
| {
| return f != _doprnt;
|   ;
|   return 0;
| }
configure:5195: result: no
configure:5220: checking for gethostbyname
configure:5277: gcc -o conftest -g -O2   conftest.c  >&5
configure:5283: $? = 0
configure:5287: test -z 
			 || test ! -s conftest.err
configure:5290: $? = 0
configure:5293: test -s conftest
configure:5296: $? = 0
configure:5308: result: yes
configure:5220: checking for inet_ntoa
configure:5277: gcc -o conftest -g -O2   conftest.c  >&5
configure:5283: $? = 0
configure:5287: test -z 
			 || test ! -s conftest.err
configure:5290: $? = 0
configure:5293: test -s conftest
configure:5296: $? = 0
configure:5308: result: yes
configure:5220: checking for isascii
configure:5277: gcc -o conftest -g -O2   conftest.c  >&5
conftest.c:75: warning: conflicting types for built-in function 'isascii'
configure:5283: $? = 0
configure:5287: test -z 
			 || test ! -s conftest.err
configure:5290: $? = 0
configure:5293: test -s conftest
configure:5296: $? = 0
configure:5308: result: yes
configure:5220: checking for memset
configure:5277: gcc -o conftest -g -O2   conftest.c  >&5
conftest.c:76: warning: conflicting types for built-in function 'memset'
configure:5283: $? = 0
configure:5287: test -z 
			 || test ! -s conftest.err
configure:5290: $? = 0
configure:5293: test -s conftest
configure:5296: $? = 0
configure:5308: result: yes
configure:5220: checking for select
configure:5277: gcc -o conftest -g -O2   conftest.c  >&5
configure:5283: $? = 0
configure:5287: test -z 
			 || test ! -s conftest.err
configure:5290: $? = 0
configure:5293: test -s conftest
configure:5296: $? = 0
configure:5308: result: yes
configure:5220: checking for socket
configure:5277: gcc -o conftest -g -O2   conftest.c  >&5
configure:5283: $? = 0
configure:5287: test -z 
			 || test ! -s conftest.err
configure:5290: $? = 0
configure:5293: test -s conftest
configure:5296: $? = 0
configure:5308: result: yes
configure:5220: checking for strchr
configure:5277: gcc -o conftest -g -O2   conftest.c  >&5
conftest.c:79: warning: conflicting types for built-in function 'strchr'
configure:5283: $? = 0
configure:5287: test -z 
			 || test ! -s conftest.err
configure:5290: $? = 0
configure:5293: test -s conftest
configure:5296: $? = 0
configure:5308: result: yes
configure:5220: checking for strstr
configure:5277: gcc -o conftest -g -O2   conftest.c  >&5
conftest.c:80: warning: conflicting types for built-in function 'strstr'
configure:5283: $? = 0
configure:5287: test -z 
			 || test ! -s conftest.err
configure:5290: $? = 0
configure:5293: test -s conftest
configure:5296: $? = 0
configure:5308: result: yes
configure:5466: creating ./config.status

## ---------------- ##
## Cache variables. ##
## ---------------- ##

ac_cv_c_compiler_gnu=yes
ac_cv_c_const=yes
ac_cv_c_inline=inline
ac_cv_cxx_compiler_gnu=yes
ac_cv_env_CC_set=
ac_cv_env_CC_value=
ac_cv_env_CFLAGS_set=
ac_cv_env_CFLAGS_value=
ac_cv_env_CPPFLAGS_set=
ac_cv_env_CPPFLAGS_value=
ac_cv_env_CPP_set=
ac_cv_env_CPP_value=
ac_cv_env_CXXFLAGS_set=
ac_cv_env_CXXFLAGS_value=
ac_cv_env_CXX_set=
ac_cv_env_CXX_value=
ac_cv_env_LDFLAGS_set=
ac_cv_env_LDFLAGS_value=
ac_cv_env_build_alias_set=
ac_cv_env_build_alias_value=
ac_cv_env_host_alias_set=
ac_cv_env_host_alias_value=
ac_cv_env_target_alias_set=
ac_cv_env_target_alias_value=
ac_cv_exeext=
ac_cv_func__doprnt=no
ac_cv_func_gethostbyname=yes
ac_cv_func_inet_ntoa=yes
ac_cv_func_isascii=yes
ac_cv_func_memset=yes
ac_cv_func_select=yes
ac_cv_func_select_args='int,fd_set *,struct timeval *'
ac_cv_func_socket=yes
ac_cv_func_strchr=yes
ac_cv_func_strftime=yes
ac_cv_func_strstr=yes
ac_cv_func_vprintf=yes
ac_cv_header_arpa_inet_h=yes
ac_cv_header_fcntl_h=yes
ac_cv_header_inttypes_h=yes
ac_cv_header_memory_h=yes
ac_cv_header_netdb_h=yes
ac_cv_header_netinet_in_h=yes
ac_cv_header_stdbool_h=yes
ac_cv_header_stdc=yes
ac_cv_header_stddef_h=yes
ac_cv_header_stdint_h=yes
ac_cv_header_stdlib_h=yes
ac_cv_header_string_h=yes
ac_cv_header_strings_h=yes
ac_cv_header_sys_ioctl_h=yes
ac_cv_header_sys_select_h=yes
ac_cv_header_sys_socket_h=yes
ac_cv_header_sys_stat_h=yes
ac_cv_header_sys_time_h=yes
ac_cv_header_sys_timeb_h=yes
ac_cv_header_sys_types_h=yes
ac_cv_header_termios_h=yes
ac_cv_header_time=yes
ac_cv_header_unistd_h=yes
ac_cv_objext=o
ac_cv_path_install='/usr/bin/install -c'
ac_cv_prog_AWK=gawk
ac_cv_prog_CPP='gcc -E'
ac_cv_prog_ac_ct_CC=gcc
ac_cv_prog_ac_ct_CXX=g++
ac_cv_prog_cc_g=yes
ac_cv_prog_cc_stdc=
ac_cv_prog_cxx_g=yes
ac_cv_prog_egrep='grep -E'
ac_cv_prog_make_make_set=yes
ac_cv_struct_tm=time.h
ac_cv_type__Bool=yes
ac_cv_type_signal=void
ac_cv_type_size_t=yes
am_cv_CC_dependencies_compiler_type=gcc3
am_cv_CXX_dependencies_compiler_type=gcc3

## ----------------- ##
## Output variables. ##
## ----------------- ##

ACLOCAL='aclocal-1.9'
AMDEPBACKSLASH='\'
AMDEP_FALSE='#'
AMDEP_TRUE=''
AMTAR='tar'
AUTOCONF='autoconf'
AUTOHEADER='autoheader'
AUTOMAKE='automake-1.9'
AWK='gawk'
CC='gcc'
CCDEPMODE='depmode=gcc3'
CFLAGS='-g -O2'
CPP='gcc -E'
CPPFLAGS=''
CXX='g++'
CXXDEPMODE='depmode=gcc3'
CXXFLAGS='-g -O2'
CYGPATH_W='echo'
DEFS='-DPACKAGE_NAME=\"FULL-PACKAGE-NAME\" -DPACKAGE_TARNAME=\"full-package-name\" -DPACKAGE_VERSION=\"VERSION\" -DPACKAGE_STRING=\"FULL-PACKAGE-NAME\ VERSION\" -DPACKAGE_BUGREPORT=\"BUG-REPORT-ADDRESS\" -DPACKAGE=\"phddns\" -DVERSION=\"2.0.4.17314\" -DSTDC_HEADERS=1 -DHAVE_SYS_TYPES_H=1 -DHAVE_SYS_STAT_H=1 -DHAVE_STDLIB_H=1 -DHAVE_STRING_H=1 -DHAVE_MEMORY_H=1 -DHAVE_STRINGS_H=1 -DHAVE_INTTYPES_H=1 -DHAVE_STDINT_H=1 -DHAVE_UNISTD_H=1 -DHAVE_ARPA_INET_H=1 -DHAVE_FCNTL_H=1 -DHAVE_MEMORY_H=1 -DHAVE_NETDB_H=1 -DHAVE_NETINET_IN_H=1 -DHAVE_STDDEF_H=1 -DHAVE_STDLIB_H=1 -DHAVE_STRING_H=1 -DHAVE_SYS_IOCTL_H=1 -DHAVE_SYS_SOCKET_H=1 -DHAVE_SYS_TIME_H=1 -DHAVE_SYS_TIMEB_H=1 -DHAVE_TERMIOS_H=1 -DHAVE_UNISTD_H=1 -DHAVE__BOOL=1 -DHAVE_STDBOOL_H=1 -DTIME_WITH_SYS_TIME=1 -DHAVE_SYS_SELECT_H=1 -DHAVE_SYS_SOCKET_H=1 -DSELECT_TYPE_ARG1=int -DSELECT_TYPE_ARG234=\(fd_set\ \*\) -DSELECT_TYPE_ARG5=\(struct\ timeval\ \*\) -DRETSIGTYPE=void -DHAVE_STRFTIME=1 -DHAVE_VPRINTF=1 -DHAVE_GETHOSTBYNAME=1 -DHAVE_INET_NTOA=1 -DHAVE_ISASCII=1 -DHAVE_MEMSET=1 -DHAVE_SELECT=1 -DHAVE_SOCKET=1 -DHAVE_STRCHR=1 -DHAVE_STRSTR=1 '
DEPDIR='.deps'
ECHO_C=''
ECHO_N='-n'
ECHO_T=''
EGREP='grep -E'
EXEEXT=''
INSTALL_DATA='${INSTALL} -m 644'
INSTALL_PROGRAM='${INSTALL}'
INSTALL_SCRIPT='${INSTALL}'
INSTALL_STRIP_PROGRAM='${SHELL} $(install_sh) -c -s'
LDFLAGS=''
LIBOBJS=''
LIBS=''
LTLIBOBJS=''
MAKEINFO='makeinfo'
OBJEXT='o'
PACKAGE='phddns'
PACKAGE_BUGREPORT='BUG-REPORT-ADDRESS'
PACKAGE_NAME='FULL-PACKAGE-NAME'
PACKAGE_STRING='FULL-PACKAGE-NAME VERSION'
PACKAGE_TARNAME='full-package-name'
PACKAGE_VERSION='VERSION'
PATH_SEPARATOR=':'
SET_MAKE=''
SHELL='/bin/sh'
STRIP=''
VERSION='2.0.4.17314'
ac_ct_CC='gcc'
ac_ct_CXX='g++'
ac_ct_STRIP=''
am__fastdepCC_FALSE='#'
am__fastdepCC_TRUE=''
am__fastdepCXX_FALSE='#'
am__fastdepCXX_TRUE=''
am__include='include'
am__leading_dot='.'
am__quote=''
am__tar='${AMTAR} chof - "$$tardir"'
am__untar='${AMTAR} xf -'
bindir='${exec_prefix}/bin'
build_alias=''
datadir='${prefix}/share'
exec_prefix='${prefix}'
host_alias=''
includedir='${prefix}/include'
infodir='${prefix}/info'
install_sh='/home/skyvense/Embed/featured/install-sh'
libdir='${exec_prefix}/lib'
libexecdir='${exec_prefix}/libexec'
localstatedir='${prefix}/var'
mandir='${prefix}/man'
mkdir_p='mkdir -p --'
oldincludedir='/usr/include'
prefix='/usr/local'
program_transform_name='s,x,x,'
sbindir='${exec_prefix}/sbin'
sharedstatedir='${prefix}/com'
sysconfdir='${prefix}/etc'
target_alias=''

## ----------- ##
## confdefs.h. ##
## ----------- ##

#define HAVE_ARPA_INET_H 1
#define HAVE_FCNTL_H 1
#define HAVE_GETHOSTBYNAME 1
#define HAVE_INET_NTOA 1
#define HAVE_INTTYPES_H 1
#define HAVE_ISASCII 1
#define HAVE_MEMORY_H 1
#define HAVE_MEMORY_H 1
#define HAVE_MEMSET 1
#define HAVE_NETDB_H 1
#define HAVE_NETINET_IN_H 1
#define HAVE_SELECT 1
#define HAVE_SOCKET 1
#define HAVE_STDBOOL_H 1
#define HAVE_STDDEF_H 1
#define HAVE_STDINT_H 1
#define HAVE_STDLIB_H 1
#define HAVE_STDLIB_H 1
#define HAVE_STRCHR 1
#define HAVE_STRFTIME 1
#define HAVE_STRINGS_H 1
#define HAVE_STRING_H 1
#define HAVE_STRING_H 1
#define HAVE_STRSTR 1
#define HAVE_SYS_IOCTL_H 1
#define HAVE_SYS_SELECT_H 1
#define HAVE_SYS_SOCKET_H 1
#define HAVE_SYS_SOCKET_H 1
#define HAVE_SYS_STAT_H 1
#define HAVE_SYS_TIMEB_H 1
#define HAVE_SYS_TIME_H 1
#define HAVE_SYS_TYPES_H 1
#define HAVE_TERMIOS_H 1
#define HAVE_UNISTD_H 1
#define HAVE_UNISTD_H 1
#define HAVE_VPRINTF 1
#define HAVE__BOOL 1
#define PACKAGE "phddns"
#define PACKAGE_BUGREPORT "BUG-REPORT-ADDRESS"
#define PACKAGE_NAME "FULL-PACKAGE-NAME"
#define PACKAGE_STRING "FULL-PACKAGE-NAME VERSION"
#define PACKAGE_TARNAME "full-package-name"
#define PACKAGE_VERSION "VERSION"
#define RETSIGTYPE void
#define SELECT_TYPE_ARG1 int
#define SELECT_TYPE_ARG234 (fd_set *)
#define SELECT_TYPE_ARG5 (struct timeval *)
#define STDC_HEADERS 1
#define TIME_WITH_SYS_TIME 1
#define VERSION "2.0.4.17314"
#endif
#ifdef __cplusplus
extern "C" void std::exit (int) throw (); using std::exit;

configure: exit 0

## ---------------------- ##
## Running config.status. ##
## ---------------------- ##

This file was extended by FULL-PACKAGE-NAME config.status VERSION, which was
generated by GNU Autoconf 2.59.  Invocation command line was

  CONFIG_FILES    = 
  CONFIG_HEADERS  = 
  CONFIG_LINKS    = 
  CONFIG_COMMANDS = 
  $ ./config.status 

on src.oray.net

config.status:688: creating Makefile
config.status:688: creating src/Makefile
config.status:871: executing depfiles commands
